  Building Custom Rule F:/github/LuaJit2vm/unityNativePlugin/CMakeLists.txt
  renderer_opengl.cpp
  unity_native_particles.cpp
  正在生成代码...
F:\github\LuaJit2vm\unityNativePlugin\src\rhi\Unity\IUnityInterface.h(1,1): warning C4819: 该文件包含不能在当前代码页(936)中表示的字符。请将该文件保存为 Unicode 格式以防止数据丢失
  (编译源文件“../src/particles/unity_native_particles.cpp”)
  
F:\github\LuaJit2vm\unityNativePlugin\src\rhi\Unity\IUnityGraphics.h(1,1): warning C4819: 该文件包含不能在当前代码页(936)中表示的字符。请将该文件保存为 Unicode 格式以防止数据丢失
  (编译源文件“../src/particles/unity_native_particles.cpp”)
  
    正在创建库 F:/github/LuaJit2vm/unityNativePlugin/build/Debug/particles.lib 和对象 F:/github/LuaJit2vm/unityNativePlugin/build/Debug/particles.exp
renderer_opengl.obj : error LNK2019: 无法解析的外部符号 __imp_wglGetCurrentContext，函数 "public: void __cdecl Renderer::init_opengl(void)" (?init_opengl@Renderer@@QEAAXXZ) 中引用了该符号
renderer_opengl.obj : error LNK2019: 无法解析的外部符号 __imp_wglGetCurrentDC，函数 "public: void __cdecl Renderer::init_opengl(void)" (?init_opengl@Renderer@@QEAAXXZ) 中引用了该符号
renderer_opengl.obj : error LNK2019: 无法解析的外部符号 __imp_wglGetProcAddress，函数 "int __cdecl gl_init_funcs(void)" (?gl_init_funcs@@YAHXZ) 中引用了该符号
renderer_opengl.obj : error LNK2019: 无法解析的外部符号 __imp_glBlendFunc，函数 "public: void __cdecl Renderer::render(float,float)" (?render@Renderer@@QEAAXMM@Z) 中引用了该符号
renderer_opengl.obj : error LNK2019: 无法解析的外部符号 __imp_glDepthFunc，函数 "public: void __cdecl Renderer::render(float,float)" (?render@Renderer@@QEAAXMM@Z) 中引用了该符号
renderer_opengl.obj : error LNK2019: 无法解析的外部符号 __imp_glDepthMask，函数 "public: void __cdecl Renderer::render(float,float)" (?render@Renderer@@QEAAXMM@Z) 中引用了该符号
renderer_opengl.obj : error LNK2019: 无法解析的外部符号 __imp_glDisable，函数 "public: void __cdecl Renderer::render(float,float)" (?render@Renderer@@QEAAXMM@Z) 中引用了该符号
renderer_opengl.obj : error LNK2019: 无法解析的外部符号 __imp_glDrawArrays，函数 "private: void __cdecl Renderer::DrawDataWithUniforms(void)" (?DrawDataWithUniforms@Renderer@@AEAAXXZ) 中引用了该符号
renderer_opengl.obj : error LNK2019: 无法解析的外部符号 __imp_glEnable，函数 "public: void __cdecl Renderer::render(float,float)" (?render@Renderer@@QEAAXMM@Z) 中引用了该符号
renderer_opengl.obj : error LNK2019: 无法解析的外部符号 __imp_glGetError，函数 "void __cdecl gl_error_string(char *)" (?gl_error_string@@YAXPEAD@Z) 中引用了该符号
renderer_opengl.obj : error LNK2019: 无法解析的外部符号 __imp_glGetString，函数 "public: void __cdecl Renderer::init_opengl(void)" (?init_opengl@Renderer@@QEAAXXZ) 中引用了该符号
F:\github\LuaJit2vm\unityNativePlugin\build\Debug\particles.dll : fatal error LNK1120: 11 个无法解析的外部命令
